<?xml version="1.0" encoding="UTF-8"?>
<!-- Generated by org.testng.reporters.JUnitReportReporter -->
<testsuite hostname="DESKTOP-4C8FUO1" failures="0" tests="1" name="TestCases.ExtentReport" time="6.686" errors="0" timestamp="2022-05-03T09:34:41 IST" skipped="0">
  <testcase classname="TestCases.ExtentReport" name="TitleTest" time="6.686"/>
  <system-out/>
</testsuite> <!-- TestCases.ExtentReport -->
